{\rtf1\ansi\ansicpg936\cocoartf2820
\cocoatextscaling0\cocoaplatform0{\fonttbl}
{\colortbl;\red255\green255\blue255;}
{\*\expandedcolortbl;;}
\paperw11900\paperh16840\margl1440\margr1440\vieww11520\viewh8400\viewkind0
}2024-12-17 10:34:15,191 - INFO - MainThread - ==========================
2024-12-17 10:34:15,191 - INFO - MainThread - Program start - Exchange Rate Scraper
2024-12-17 10:34:15,191 - INFO - MainThread - ==========================
2024-12-17 10:34:15,191 - INFO - cbaThread - Started scraping cba
2024-12-17 10:34:15,191 - INFO - anzThread - Started scraping anz
2024-12-17 10:34:15,191 - INFO - wiseThread - Started scraping wise
2024-12-17 10:34:15,191 - INFO - webtradepayThread - Started scraping webtradepay
2024-12-17 10:34:15,192 - INFO - pandaremitThread - Started scraping pandaremit
2024-12-17 10:34:15,192 - INFO - moneychaseThread - Started scraping moneychase
2024-12-17 10:34:15,197 - INFO - moneychainThread - Started scraping moneychain
2024-12-17 10:34:18,361 - INFO - webtradepayThread - Captured JPY_buy: 97.2624
2024-12-17 10:34:18,361 - INFO - webtradepayThread - Captured JPY_sell: 98.9746
2024-12-17 10:34:18,361 - INFO - webtradepayThread - Captured USD_buy: 0.6294
2024-12-17 10:34:18,361 - INFO - webtradepayThread - Captured USD_sell: 0.6454
2024-12-17 10:34:18,361 - INFO - webtradepayThread - Captured CNY_buy: 4.6236
2024-12-17 10:34:18,361 - INFO - webtradepayThread - Captured CNY_sell: 4.8006
2024-12-17 10:34:18,361 - INFO - webtradepayThread - Captured SGD_buy: 0.8541
2024-12-17 10:34:18,361 - INFO - webtradepayThread - Captured SGD_sell: 0.8663
2024-12-17 10:34:18,361 - INFO - webtradepayThread - Captured HKD_buy: 4.8347
2024-12-17 10:34:18,361 - INFO - webtradepayThread - Captured HKD_sell: 4.9957
2024-12-17 10:34:18,361 - INFO - webtradepayThread - Captured EUR_buy: 0.6001
2024-12-17 10:34:18,361 - INFO - webtradepayThread - Captured EUR_sell: 0.6162
2024-12-17 10:34:18,361 - INFO - webtradepayThread - Captured GBP_buy: 0.4963
2024-12-17 10:34:18,361 - INFO - webtradepayThread - Captured GBP_sell: 0.5084
2024-12-17 10:34:18,944 - INFO - cbaThread - Captured JPY_buy: 93.08
2024-12-17 10:34:18,957 - INFO - cbaThread - Captured JPY_sell: 102.76
2024-12-17 10:34:18,969 - INFO - cbaThread - Captured USD_buy: 0.6115
2024-12-17 10:34:18,976 - INFO - cbaThread - Captured USD_sell: 0.6626
2024-12-17 10:34:18,983 - INFO - cbaThread - Captured CNY_buy: -
2024-12-17 10:34:18,990 - INFO - cbaThread - Captured CNY_sell: -
2024-12-17 10:34:18,998 - INFO - cbaThread - Captured SGD_buy: 0.8236
2024-12-17 10:34:19,006 - INFO - cbaThread - Captured SGD_sell: 0.8963
2024-12-17 10:34:19,018 - INFO - cbaThread - Captured HKD_buy: 4.7432
2024-12-17 10:34:19,031 - INFO - cbaThread - Captured HKD_sell: 5.1617
2024-12-17 10:34:19,041 - INFO - cbaThread - Captured EUR_buy: 0.5811
2024-12-17 10:34:19,050 - INFO - cbaThread - Captured EUR_sell: 0.6311
2024-12-17 10:34:19,062 - INFO - cbaThread - Captured GBP_buy: 0.4816
2024-12-17 10:34:19,074 - INFO - cbaThread - Captured GBP_sell: 0.523
2024-12-17 10:34:19,083 - INFO - pandaremitThread - Captured AUD_to_JPY_midmarket: 97.730500
2024-12-17 10:34:19,297 - INFO - pandaremitThread - Captured AUD_to_USD_midmarket: 0.634900
2024-12-17 10:34:20,108 - INFO - moneychaseThread - Captured JPY_buy: 95.8772
2024-12-17 10:34:20,108 - INFO - moneychaseThread - Captured JPY_sell: 99.7989
2024-12-17 10:34:20,122 - INFO - moneychaseThread - Captured USD_buy: 0.6240
2024-12-17 10:34:20,122 - INFO - moneychaseThread - Captured USD_sell: 0.6570
2024-12-17 10:34:20,132 - INFO - moneychaseThread - Captured CNY_buy: 4.5785
2024-12-17 10:34:20,132 - INFO - moneychaseThread - Captured CNY_sell: 4.8185
2024-12-17 10:34:20,146 - INFO - moneychaseThread - Captured SGD_buy: 0.8410
2024-12-17 10:34:20,146 - INFO - moneychaseThread - Captured SGD_sell: 0.8809
2024-12-17 10:34:20,148 - INFO - moneychainThread - Captured JPY_buy: 97.2569
2024-12-17 10:34:20,156 - INFO - moneychainThread - Captured JPY_sell: 99.9569
2024-12-17 10:34:20,160 - INFO - moneychaseThread - Captured HKD_buy: 4.8974
2024-12-17 10:34:20,160 - INFO - moneychaseThread - Captured HKD_sell: 5.0877
2024-12-17 10:34:20,163 - INFO - moneychainThread - Captured USD_buy: 0.6303
2024-12-17 10:34:20,170 - INFO - moneychainThread - Captured USD_sell: 0.6443
2024-12-17 10:34:20,176 - INFO - moneychaseThread - Captured EUR_buy: 0.5855
2024-12-17 10:34:20,176 - INFO - moneychaseThread - Captured EUR_sell: 0.6204
2024-12-17 10:34:20,176 - INFO - moneychainThread - Captured CNY_buy: 4.6314
2024-12-17 10:34:20,182 - INFO - moneychainThread - Captured CNY_sell: 4.7970
2024-12-17 10:34:20,189 - INFO - moneychainThread - Captured SGD_buy: 0.8540
2024-12-17 10:34:20,189 - INFO - moneychaseThread - Captured GBP_buy: 0.4865
2024-12-17 10:34:20,189 - INFO - moneychaseThread - Captured GBP_sell: 0.5235
2024-12-17 10:34:20,202 - INFO - moneychainThread - Captured SGD_sell: 0.8695
2024-12-17 10:34:20,209 - INFO - moneychainThread - Captured HKD_buy: 4.9042
2024-12-17 10:34:20,215 - INFO - moneychainThread - Captured HKD_sell: 5.0142
2024-12-17 10:34:20,222 - INFO - moneychainThread - Captured EUR_buy: 0.6001
2024-12-17 10:34:20,228 - INFO - moneychainThread - Captured EUR_sell: 0.6261
2024-12-17 10:34:20,233 - INFO - moneychainThread - Captured GBP_buy: 0.4923
2024-12-17 10:34:20,239 - INFO - moneychainThread - Captured GBP_sell: 0.5173
2024-12-17 10:34:20,677 - INFO - anzThread - Captured JPY_buy: 94.84
2024-12-17 10:34:20,686 - INFO - anzThread - Captured JPY_sell:  101.23
2024-12-17 10:34:20,693 - INFO - anzThread - Captured USD_buy: 0.6158
2024-12-17 10:34:20,702 - INFO - anzThread - Captured USD_sell:  0.656
2024-12-17 10:34:20,708 - INFO - anzThread - Captured CNY_buy: N/A
2024-12-17 10:34:20,714 - INFO - anzThread - Captured CNY_sell: N/A
2024-12-17 10:34:20,721 - INFO - anzThread - Captured SGD_buy: 0.831
2024-12-17 10:34:20,728 - INFO - anzThread - Captured SGD_sell:  0.889
2024-12-17 10:34:20,735 - INFO - anzThread - Captured HKD_buy: 4.788
2024-12-17 10:34:20,741 - INFO - anzThread - Captured HKD_sell:  5.104
2024-12-17 10:34:20,747 - INFO - anzThread - Captured EUR_buy: 0.5847
2024-12-17 10:34:20,753 - INFO - anzThread - Captured EUR_sell:  0.626
2024-12-17 10:34:20,759 - INFO - anzThread - Captured GBP_buy: 0.4845
2024-12-17 10:34:20,765 - INFO - anzThread - Captured GBP_sell:  0.5183
2024-12-17 10:34:25,937 - INFO - pandaremitThread - Captured AUD_to_CNY_midmarket: 4.6813
2024-12-17 10:34:26,073 - INFO - pandaremitThread - Captured AUD_to_SGD_midmarket: 0.857600
2024-12-17 10:34:26,135 - INFO - wiseThread - Captured AUD_to_JPY_midmarket: 98.2634
2024-12-17 10:34:26,200 - INFO - pandaremitThread - Captured AUD_to_HKD_midmarket: 4.936300
2024-12-17 10:34:26,330 - INFO - pandaremitThread - Captured AUD_to_EUR_midmarket: 0.604200
2024-12-17 10:34:26,452 - INFO - pandaremitThread - Captured AUD_to_GBP_midmarket: 0.500200
2024-12-17 10:34:26,791 - INFO - wiseThread - Captured AUD_to_USD_midmarket: 0.637350
2024-12-17 10:34:27,904 - INFO - wiseThread - Captured AUD_to_CNY_midmarket: 4.64243
2024-12-17 10:34:29,014 - INFO - wiseThread - Captured AUD_to_SGD_midmarket: 0.860096
2024-12-17 10:34:30,126 - INFO - wiseThread - Captured AUD_to_HKD_midmarket: 4.95420
2024-12-17 10:34:31,272 - INFO - wiseThread - Captured AUD_to_EUR_midmarket: 0.606221
2024-12-17 10:34:32,347 - INFO - wiseThread - Captured AUD_to_GBP_midmarket: 0.502325
2024-12-17 10:34:32,422 - INFO - MainThread - Started writing result to csv
2024-12-17 10:34:32,423 - INFO - MainThread - Finished writing result to csv
2024-12-17 10:34:32,423 - INFO - MainThread - ==========================
2024-12-17 10:34:32,423 - INFO - MainThread - Program end - Exchange Rate Scraper
2024-12-17 10:34:32,423 - INFO - MainThread - ==========================
2024-12-17 10:35:44,300 - INFO - MainThread - ==========================
2024-12-17 10:35:44,300 - INFO - MainThread - Program start - Exchange Rate Scraper
2024-12-17 10:35:44,300 - INFO - MainThread - ==========================
2024-12-17 10:35:44,300 - INFO - cbaThread - Started scraping cba
2024-12-17 10:35:44,300 - INFO - anzThread - Started scraping anz
2024-12-17 10:35:44,300 - INFO - wiseThread - Started scraping wise
2024-12-17 10:35:44,300 - INFO - webtradepayThread - Started scraping webtradepay
2024-12-17 10:35:44,301 - INFO - pandaremitThread - Started scraping pandaremit
2024-12-17 10:35:44,301 - INFO - moneychaseThread - Started scraping moneychase
2024-12-17 10:35:44,303 - INFO - moneychainThread - Started scraping moneychain
2024-12-17 10:35:45,835 - INFO - webtradepayThread - Captured JPY_buy: 97.2625
2024-12-17 10:35:45,835 - INFO - webtradepayThread - Captured JPY_sell: 98.9712
2024-12-17 10:35:45,835 - INFO - webtradepayThread - Captured USD_buy: 0.6293
2024-12-17 10:35:45,835 - INFO - webtradepayThread - Captured USD_sell: 0.6454
2024-12-17 10:35:45,835 - INFO - webtradepayThread - Captured CNY_buy: 4.6235
2024-12-17 10:35:45,835 - INFO - webtradepayThread - Captured CNY_sell: 4.8004
2024-12-17 10:35:45,835 - INFO - webtradepayThread - Captured SGD_buy: 0.8541
2024-12-17 10:35:45,835 - INFO - webtradepayThread - Captured SGD_sell: 0.8663
2024-12-17 10:35:45,835 - INFO - webtradepayThread - Captured HKD_buy: 4.8346
2024-12-17 10:35:45,835 - INFO - webtradepayThread - Captured HKD_sell: 4.9955
2024-12-17 10:35:45,835 - INFO - webtradepayThread - Captured EUR_buy: 0.6002
2024-12-17 10:35:45,835 - INFO - webtradepayThread - Captured EUR_sell: 0.6163
2024-12-17 10:35:45,835 - INFO - webtradepayThread - Captured GBP_buy: 0.4963
2024-12-17 10:35:45,835 - INFO - webtradepayThread - Captured GBP_sell: 0.5084
2024-12-17 10:35:46,000 - INFO - pandaremitThread - Captured AUD_to_JPY_midmarket: 97.717100
2024-12-17 10:35:46,219 - INFO - pandaremitThread - Captured AUD_to_USD_midmarket: 0.634900
2024-12-17 10:35:46,283 - INFO - cbaThread - Captured JPY_buy: 93.08
2024-12-17 10:35:46,298 - INFO - cbaThread - Captured JPY_sell: 102.76
2024-12-17 10:35:46,307 - INFO - cbaThread - Captured USD_buy: 0.6115
2024-12-17 10:35:46,319 - INFO - cbaThread - Captured USD_sell: 0.6626
2024-12-17 10:35:46,328 - INFO - cbaThread - Captured CNY_buy: -
2024-12-17 10:35:46,338 - INFO - cbaThread - Captured CNY_sell: -
2024-12-17 10:35:46,344 - INFO - cbaThread - Captured SGD_buy: 0.8236
2024-12-17 10:35:46,351 - INFO - cbaThread - Captured SGD_sell: 0.8963
2024-12-17 10:35:46,358 - INFO - cbaThread - Captured HKD_buy: 4.7432
2024-12-17 10:35:46,365 - INFO - cbaThread - Captured HKD_sell: 5.1617
2024-12-17 10:35:46,372 - INFO - cbaThread - Captured EUR_buy: 0.5811
2024-12-17 10:35:46,378 - INFO - cbaThread - Captured EUR_sell: 0.6311
2024-12-17 10:35:46,390 - INFO - cbaThread - Captured GBP_buy: 0.4816
2024-12-17 10:35:46,397 - INFO - cbaThread - Captured GBP_sell: 0.523
2024-12-17 10:35:47,229 - INFO - moneychainThread - Captured JPY_buy: 97.2554
2024-12-17 10:35:47,236 - INFO - moneychainThread - Captured JPY_sell: 99.9554
2024-12-17 10:35:47,244 - INFO - moneychainThread - Captured USD_buy: 0.6303
2024-12-17 10:35:47,251 - INFO - moneychainThread - Captured USD_sell: 0.6443
2024-12-17 10:35:47,259 - INFO - moneychainThread - Captured CNY_buy: 4.6314
2024-12-17 10:35:47,267 - INFO - moneychainThread - Captured CNY_sell: 4.7970
2024-12-17 10:35:47,275 - INFO - moneychainThread - Captured SGD_buy: 0.8545
2024-12-17 10:35:47,283 - INFO - moneychainThread - Captured SGD_sell: 0.8700
2024-12-17 10:35:47,292 - INFO - moneychainThread - Captured HKD_buy: 4.9036
2024-12-17 10:35:47,302 - INFO - moneychainThread - Captured HKD_sell: 5.0136
2024-12-17 10:35:47,310 - INFO - moneychainThread - Captured EUR_buy: 0.6002
2024-12-17 10:35:47,321 - INFO - moneychainThread - Captured EUR_sell: 0.6262
2024-12-17 10:35:47,330 - INFO - moneychainThread - Captured GBP_buy: 0.4923
2024-12-17 10:35:47,338 - INFO - moneychainThread - Captured GBP_sell: 0.5173
2024-12-17 10:35:47,612 - INFO - moneychaseThread - Captured JPY_buy: 95.8272
2024-12-17 10:35:47,612 - INFO - moneychaseThread - Captured JPY_sell: 99.7489
2024-12-17 10:35:47,626 - INFO - moneychaseThread - Captured USD_buy: 0.6237
2024-12-17 10:35:47,626 - INFO - moneychaseThread - Captured USD_sell: 0.6567
2024-12-17 10:35:47,638 - INFO - moneychaseThread - Captured CNY_buy: 4.5761
2024-12-17 10:35:47,638 - INFO - moneychaseThread - Captured CNY_sell: 4.8161
2024-12-17 10:35:47,652 - INFO - moneychaseThread - Captured SGD_buy: 0.8406
2024-12-17 10:35:47,652 - INFO - moneychaseThread - Captured SGD_sell: 0.8805
2024-12-17 10:35:47,667 - INFO - moneychaseThread - Captured HKD_buy: 4.8949
2024-12-17 10:35:47,667 - INFO - moneychaseThread - Captured HKD_sell: 5.0852
2024-12-17 10:35:47,679 - INFO - moneychaseThread - Captured EUR_buy: 0.5852
2024-12-17 10:35:47,679 - INFO - moneychaseThread - Captured EUR_sell: 0.6201
2024-12-17 10:35:47,693 - INFO - moneychaseThread - Captured GBP_buy: 0.4863
2024-12-17 10:35:47,693 - INFO - moneychaseThread - Captured GBP_sell: 0.5233
2024-12-17 10:35:48,759 - INFO - anzThread - Captured JPY_buy: 94.84
2024-12-17 10:35:48,766 - INFO - anzThread - Captured JPY_sell:  101.23
2024-12-17 10:35:48,773 - INFO - anzThread - Captured USD_buy: 0.6158
2024-12-17 10:35:48,779 - INFO - anzThread - Captured USD_sell:  0.656
2024-12-17 10:35:48,785 - INFO - anzThread - Captured CNY_buy: N/A
2024-12-17 10:35:48,791 - INFO - anzThread - Captured CNY_sell: N/A
2024-12-17 10:35:48,797 - INFO - anzThread - Captured SGD_buy: 0.831
2024-12-17 10:35:48,802 - INFO - anzThread - Captured SGD_sell:  0.889
2024-12-17 10:35:48,808 - INFO - anzThread - Captured HKD_buy: 4.788
2024-12-17 10:35:48,815 - INFO - anzThread - Captured HKD_sell:  5.104
2024-12-17 10:35:48,821 - INFO - anzThread - Captured EUR_buy: 0.5847
2024-12-17 10:35:48,828 - INFO - anzThread - Captured EUR_sell:  0.626
2024-12-17 10:35:48,834 - INFO - anzThread - Captured GBP_buy: 0.4845
2024-12-17 10:35:48,840 - INFO - anzThread - Captured GBP_sell:  0.5183
2024-12-17 10:35:49,210 - INFO - wiseThread - Captured AUD_to_JPY_midmarket: 98.2666
2024-12-17 10:35:49,824 - INFO - wiseThread - Captured AUD_to_USD_midmarket: 0.637350
2024-12-17 10:35:50,906 - INFO - wiseThread - Captured AUD_to_CNY_midmarket: 4.64243
2024-12-17 10:35:50,925 - INFO - pandaremitThread - Captured AUD_to_CNY_midmarket: 4.6808
2024-12-17 10:35:51,055 - INFO - pandaremitThread - Captured AUD_to_SGD_midmarket: 0.857600
2024-12-17 10:35:51,179 - INFO - pandaremitThread - Captured AUD_to_HKD_midmarket: 4.936300
2024-12-17 10:35:51,303 - INFO - pandaremitThread - Captured AUD_to_EUR_midmarket: 0.604200
2024-12-17 10:35:51,424 - INFO - pandaremitThread - Captured AUD_to_GBP_midmarket: 0.500200
2024-12-17 10:35:51,973 - INFO - wiseThread - Captured AUD_to_SGD_midmarket: 0.860231
2024-12-17 10:35:53,107 - INFO - wiseThread - Captured AUD_to_HKD_midmarket: 4.95498
2024-12-17 10:35:54,195 - INFO - wiseThread - Captured AUD_to_EUR_midmarket: 0.606125
2024-12-17 10:35:55,236 - INFO - wiseThread - Captured AUD_to_GBP_midmarket: 0.502345
2024-12-17 10:35:55,306 - INFO - MainThread - Started writing result to csv
2024-12-17 10:35:55,306 - INFO - MainThread - Finished writing result to csv
2024-12-17 10:35:55,306 - INFO - MainThread - ==========================
2024-12-17 10:35:55,306 - INFO - MainThread - Program end - Exchange Rate Scraper
2024-12-17 10:35:55,306 - INFO - MainThread - ==========================
2024-12-24 15:04:44,164 - INFO - MainThread - ==========================
2024-12-24 15:04:44,164 - INFO - MainThread - Program start - Exchange Rate Scraper
2024-12-24 15:04:44,164 - INFO - MainThread - ==========================
2024-12-24 15:04:44,165 - INFO - cbaThread - Started scraping cba
2024-12-24 15:04:44,165 - INFO - anzThread - Started scraping anz
2024-12-24 15:04:44,165 - INFO - wiseThread - Started scraping wise
2024-12-24 15:04:44,165 - INFO - webtradepayThread - Started scraping webtradepay
2024-12-24 15:04:44,166 - INFO - pandaremitThread - Started scraping pandaremit
2024-12-24 15:04:44,166 - INFO - moneychaseThread - Started scraping moneychase
2024-12-24 15:04:44,168 - INFO - moneychainThread - Started scraping moneychain
2024-12-24 15:04:46,787 - INFO - webtradepayThread - Captured JPY_buy: 96.9997
2024-12-24 15:04:46,787 - INFO - webtradepayThread - Captured JPY_sell: 98.7100
2024-12-24 15:04:46,787 - INFO - webtradepayThread - Captured USD_buy: 0.6159
2024-12-24 15:04:46,787 - INFO - webtradepayThread - Captured USD_sell: 0.6319
2024-12-24 15:04:46,787 - INFO - webtradepayThread - Captured CNY_buy: 4.5568
2024-12-24 15:04:46,787 - INFO - webtradepayThread - Captured CNY_sell: 4.7305
2024-12-24 15:04:46,787 - INFO - webtradepayThread - Captured SGD_buy: 0.8417
2024-12-24 15:04:46,787 - INFO - webtradepayThread - Captured SGD_sell: 0.8538
2024-12-24 15:04:46,787 - INFO - webtradepayThread - Captured HKD_buy: 4.7264
2024-12-24 15:04:46,787 - INFO - webtradepayThread - Captured HKD_sell: 4.8870
2024-12-24 15:04:46,787 - INFO - webtradepayThread - Captured EUR_buy: 0.5943
2024-12-24 15:04:46,787 - INFO - webtradepayThread - Captured EUR_sell: 0.6104
2024-12-24 15:04:46,787 - INFO - webtradepayThread - Captured GBP_buy: 0.4918
2024-12-24 15:04:46,787 - INFO - webtradepayThread - Captured GBP_sell: 0.5038
2024-12-24 15:04:47,072 - INFO - pandaremitThread - Captured AUD_to_JPY_midmarket: 97.390000
2024-12-24 15:04:47,265 - INFO - cbaThread - Captured JPY_buy: 92.86
2024-12-24 15:04:47,328 - INFO - cbaThread - Captured JPY_sell: 102.49
2024-12-24 15:04:47,360 - INFO - cbaThread - Captured USD_buy: 0.5984
2024-12-24 15:04:47,378 - INFO - cbaThread - Captured USD_sell: 0.6482
2024-12-24 15:04:47,397 - INFO - cbaThread - Captured CNY_buy: -
2024-12-24 15:04:47,418 - INFO - cbaThread - Captured CNY_sell: -
2024-12-24 15:04:47,514 - INFO - cbaThread - Captured SGD_buy: 0.8103
2024-12-24 15:04:47,645 - INFO - cbaThread - Captured SGD_sell: 0.8815
2024-12-24 15:04:47,656 - INFO - pandaremitThread - Captured AUD_to_USD_midmarket: 0.621300
2024-12-24 15:04:47,792 - INFO - cbaThread - Captured HKD_buy: 4.6386
2024-12-24 15:04:47,959 - INFO - cbaThread - Captured HKD_sell: 5.0466
2024-12-24 15:04:48,045 - INFO - cbaThread - Captured EUR_buy: 0.5746
2024-12-24 15:04:48,086 - INFO - cbaThread - Captured EUR_sell: 0.6239
2024-12-24 15:04:48,127 - INFO - cbaThread - Captured GBP_buy: 0.4769
2024-12-24 15:04:48,162 - INFO - cbaThread - Captured GBP_sell: 0.5178
2024-12-24 15:04:48,349 - INFO - moneychainThread - Captured JPY_buy: 96.9604
2024-12-24 15:04:48,376 - INFO - moneychainThread - Captured JPY_sell: 99.6604
2024-12-24 15:04:48,422 - INFO - moneychainThread - Captured USD_buy: 0.6169
2024-12-24 15:04:48,432 - INFO - moneychainThread - Captured USD_sell: 0.6309
2024-12-24 15:04:48,442 - INFO - moneychainThread - Captured CNY_buy: 4.5464
2024-12-24 15:04:48,453 - INFO - moneychainThread - Captured CNY_sell: 4.7164
2024-12-24 15:04:48,472 - INFO - moneychainThread - Captured SGD_buy: 0.8418
2024-12-24 15:04:48,497 - INFO - moneychainThread - Captured SGD_sell: 0.8573
2024-12-24 15:04:48,513 - INFO - moneychainThread - Captured HKD_buy: 4.7947
2024-12-24 15:04:48,529 - INFO - moneychainThread - Captured HKD_sell: 4.9047
2024-12-24 15:04:48,563 - INFO - moneychainThread - Captured EUR_buy: 0.5943
2024-12-24 15:04:48,575 - INFO - moneychainThread - Captured EUR_sell: 0.6203
2024-12-24 15:04:48,584 - INFO - moneychainThread - Captured GBP_buy: 0.4878
2024-12-24 15:04:48,592 - INFO - moneychainThread - Captured GBP_sell: 0.5128
2024-12-24 15:04:48,691 - INFO - moneychaseThread - Captured JPY_buy: 95.6072
2024-12-24 15:04:48,692 - INFO - moneychaseThread - Captured JPY_sell: 99.5289
2024-12-24 15:04:48,707 - INFO - moneychaseThread - Captured USD_buy: 0.6105
2024-12-24 15:04:48,707 - INFO - moneychaseThread - Captured USD_sell: 0.6435
2024-12-24 15:04:48,720 - INFO - moneychaseThread - Captured CNY_buy: 4.4991
2024-12-24 15:04:48,720 - INFO - moneychaseThread - Captured CNY_sell: 4.7491
2024-12-24 15:04:48,737 - INFO - moneychaseThread - Captured SGD_buy: 0.8285
2024-12-24 15:04:48,741 - INFO - moneychaseThread - Captured SGD_sell: 0.8684
2024-12-24 15:04:48,759 - INFO - moneychaseThread - Captured HKD_buy: 4.7889
2024-12-24 15:04:48,759 - INFO - moneychaseThread - Captured HKD_sell: 4.9792
2024-12-24 15:04:48,783 - INFO - moneychaseThread - Captured EUR_buy: 0.5796
2024-12-24 15:04:48,783 - INFO - moneychaseThread - Captured EUR_sell: 0.6145
2024-12-24 15:04:48,842 - INFO - moneychaseThread - Captured GBP_buy: 0.4819
2024-12-24 15:04:48,843 - INFO - moneychaseThread - Captured GBP_sell: 0.5189
2024-12-24 15:04:49,674 - INFO - wiseThread - Captured AUD_to_JPY_midmarket: 97.9849
2024-12-24 15:04:50,284 - INFO - wiseThread - Captured AUD_to_USD_midmarket: 0.623850
2024-12-24 15:04:51,103 - INFO - anzThread - Captured JPY_buy: 94.83
2024-12-24 15:04:51,113 - INFO - anzThread - Captured JPY_sell:  101.23
2024-12-24 15:04:51,120 - INFO - anzThread - Captured USD_buy: 0.6041
2024-12-24 15:04:51,127 - INFO - anzThread - Captured USD_sell:  0.6437
2024-12-24 15:04:51,135 - INFO - anzThread - Captured CNY_buy: N/A
2024-12-24 15:04:51,142 - INFO - anzThread - Captured CNY_sell: N/A
2024-12-24 15:04:51,148 - INFO - anzThread - Captured SGD_buy: 0.82
2024-12-24 15:04:51,156 - INFO - anzThread - Captured SGD_sell:  0.876
2024-12-24 15:04:51,163 - INFO - anzThread - Captured HKD_buy: 4.694
2024-12-24 15:04:51,171 - INFO - anzThread - Captured HKD_sell:  5.004
2024-12-24 15:04:51,178 - INFO - anzThread - Captured EUR_buy: 0.5789
2024-12-24 15:04:51,189 - INFO - anzThread - Captured EUR_sell:  0.6198
2024-12-24 15:04:51,197 - INFO - anzThread - Captured GBP_buy: 0.4811
2024-12-24 15:04:51,204 - INFO - anzThread - Captured GBP_sell:  0.5147
2024-12-24 15:04:51,361 - INFO - wiseThread - Captured AUD_to_CNY_midmarket: 4.55272
2024-12-24 15:04:51,544 - INFO - pandaremitThread - Captured AUD_to_CNY_midmarket: 4.5929
2024-12-24 15:04:51,674 - INFO - pandaremitThread - Captured AUD_to_SGD_midmarket: 0.845100
2024-12-24 15:04:51,793 - INFO - pandaremitThread - Captured AUD_to_HKD_midmarket: 4.826100
2024-12-24 15:04:51,916 - INFO - pandaremitThread - Captured AUD_to_EUR_midmarket: 0.598300
2024-12-24 15:04:52,051 - INFO - pandaremitThread - Captured AUD_to_GBP_midmarket: 0.495300
2024-12-24 15:04:52,501 - INFO - wiseThread - Captured AUD_to_SGD_midmarket: 0.847583
2024-12-24 15:04:53,562 - INFO - wiseThread - Captured AUD_to_HKD_midmarket: 4.84557
2024-12-24 15:04:54,648 - INFO - wiseThread - Captured AUD_to_EUR_midmarket: 0.600318
2024-12-24 15:04:55,773 - INFO - wiseThread - Captured AUD_to_GBP_midmarket: 0.497706
2024-12-24 15:04:55,846 - INFO - MainThread - Started writing result to csv
2024-12-24 15:04:55,847 - INFO - MainThread - Finished writing result to csv
2024-12-24 15:04:55,847 - INFO - MainThread - ==========================
2024-12-24 15:04:55,847 - INFO - MainThread - Program end - Exchange Rate Scraper
2024-12-24 15:04:55,847 - INFO - MainThread - ==========================
2024-12-24 15:05:12,080 - INFO - MainThread - ==========================
2024-12-24 15:05:12,080 - INFO - MainThread - Program start - Exchange Rate Scraper
2024-12-24 15:05:12,080 - INFO - MainThread - ==========================
2024-12-24 15:05:12,081 - INFO - cbaThread - Started scraping cba
2024-12-24 15:05:12,081 - INFO - anzThread - Started scraping anz
2024-12-24 15:05:12,081 - INFO - wiseThread - Started scraping wise
2024-12-24 15:05:12,081 - INFO - webtradepayThread - Started scraping webtradepay
2024-12-24 15:05:12,081 - INFO - pandaremitThread - Started scraping pandaremit
2024-12-24 15:05:12,081 - INFO - moneychaseThread - Started scraping moneychase
2024-12-24 15:05:12,081 - INFO - moneychainThread - Started scraping moneychain
2024-12-24 15:05:13,985 - INFO - webtradepayThread - Captured JPY_buy: 96.9495
2024-12-24 15:05:13,985 - INFO - webtradepayThread - Captured JPY_sell: 98.6630
2024-12-24 15:05:13,985 - INFO - webtradepayThread - Captured USD_buy: 0.6156
2024-12-24 15:05:13,985 - INFO - webtradepayThread - Captured USD_sell: 0.6317
2024-12-24 15:05:13,985 - INFO - webtradepayThread - Captured CNY_buy: 4.5550
2024-12-24 15:05:13,985 - INFO - webtradepayThread - Captured CNY_sell: 4.7289
2024-12-24 15:05:13,985 - INFO - webtradepayThread - Captured SGD_buy: 0.8415
2024-12-24 15:05:13,985 - INFO - webtradepayThread - Captured SGD_sell: 0.8536
2024-12-24 15:05:13,985 - INFO - webtradepayThread - Captured HKD_buy: 4.7245
2024-12-24 15:05:13,985 - INFO - webtradepayThread - Captured HKD_sell: 4.8853
2024-12-24 15:05:13,985 - INFO - webtradepayThread - Captured EUR_buy: 0.5941
2024-12-24 15:05:13,985 - INFO - webtradepayThread - Captured EUR_sell: 0.6102
2024-12-24 15:05:13,985 - INFO - webtradepayThread - Captured GBP_buy: 0.4916
2024-12-24 15:05:13,985 - INFO - webtradepayThread - Captured GBP_sell: 0.5037
2024-12-24 15:05:14,158 - INFO - pandaremitThread - Captured AUD_to_JPY_midmarket: 97.413200
2024-12-24 15:05:14,823 - INFO - cbaThread - Captured JPY_buy: 92.86
2024-12-24 15:05:14,877 - INFO - pandaremitThread - Captured AUD_to_USD_midmarket: 0.621300
2024-12-24 15:05:14,902 - INFO - cbaThread - Captured JPY_sell: 102.49
2024-12-24 15:05:14,947 - INFO - cbaThread - Captured USD_buy: 0.5984
2024-12-24 15:05:14,975 - INFO - cbaThread - Captured USD_sell: 0.6482
2024-12-24 15:05:14,990 - INFO - cbaThread - Captured CNY_buy: -
2024-12-24 15:05:15,007 - INFO - cbaThread - Captured CNY_sell: -
2024-12-24 15:05:15,138 - INFO - cbaThread - Captured SGD_buy: 0.8103
2024-12-24 15:05:15,151 - INFO - cbaThread - Captured SGD_sell: 0.8815
2024-12-24 15:05:15,176 - INFO - cbaThread - Captured HKD_buy: 4.6386
2024-12-24 15:05:15,232 - INFO - cbaThread - Captured HKD_sell: 5.0466
2024-12-24 15:05:15,308 - INFO - cbaThread - Captured EUR_buy: 0.5746
2024-12-24 15:05:15,330 - INFO - cbaThread - Captured EUR_sell: 0.6239
2024-12-24 15:05:15,385 - INFO - cbaThread - Captured GBP_buy: 0.4769
2024-12-24 15:05:15,416 - INFO - cbaThread - Captured GBP_sell: 0.5178
2024-12-24 15:05:15,638 - INFO - moneychainThread - Captured JPY_buy: 96.9603
2024-12-24 15:05:15,647 - INFO - moneychainThread - Captured JPY_sell: 99.6603
2024-12-24 15:05:15,656 - INFO - moneychainThread - Captured USD_buy: 0.6169
2024-12-24 15:05:15,664 - INFO - moneychainThread - Captured USD_sell: 0.6309
2024-12-24 15:05:15,673 - INFO - moneychainThread - Captured CNY_buy: 4.5481
2024-12-24 15:05:15,682 - INFO - moneychainThread - Captured CNY_sell: 4.7181
2024-12-24 15:05:15,692 - INFO - moneychainThread - Captured SGD_buy: 0.8419
2024-12-24 15:05:15,702 - INFO - moneychainThread - Captured SGD_sell: 0.8574
2024-12-24 15:05:15,710 - INFO - moneychainThread - Captured HKD_buy: 4.7951
2024-12-24 15:05:15,717 - INFO - moneychainThread - Captured HKD_sell: 4.9051
2024-12-24 15:05:15,724 - INFO - moneychainThread - Captured EUR_buy: 0.5943
2024-12-24 15:05:15,731 - INFO - moneychainThread - Captured EUR_sell: 0.6203
2024-12-24 15:05:15,737 - INFO - moneychainThread - Captured GBP_buy: 0.4878
2024-12-24 15:05:15,745 - INFO - moneychainThread - Captured GBP_sell: 0.5128
2024-12-24 15:05:16,008 - INFO - moneychaseThread - Captured JPY_buy: 95.5972
2024-12-24 15:05:16,008 - INFO - moneychaseThread - Captured JPY_sell: 99.5189
2024-12-24 15:05:16,022 - INFO - moneychaseThread - Captured USD_buy: 0.6104
2024-12-24 15:05:16,022 - INFO - moneychaseThread - Captured USD_sell: 0.6434
2024-12-24 15:05:16,033 - INFO - moneychaseThread - Captured CNY_buy: 4.4983
2024-12-24 15:05:16,033 - INFO - moneychaseThread - Captured CNY_sell: 4.7483
2024-12-24 15:05:16,048 - INFO - moneychaseThread - Captured SGD_buy: 0.8284
2024-12-24 15:05:16,048 - INFO - moneychaseThread - Captured SGD_sell: 0.8683
2024-12-24 15:05:16,065 - INFO - moneychaseThread - Captured HKD_buy: 4.7879
2024-12-24 15:05:16,065 - INFO - moneychaseThread - Captured HKD_sell: 4.9782
2024-12-24 15:05:16,080 - INFO - moneychaseThread - Captured EUR_buy: 0.5795
2024-12-24 15:05:16,080 - INFO - moneychaseThread - Captured EUR_sell: 0.6144
2024-12-24 15:05:16,094 - INFO - moneychaseThread - Captured GBP_buy: 0.4819
2024-12-24 15:05:16,094 - INFO - moneychaseThread - Captured GBP_sell: 0.5189
2024-12-24 15:05:17,252 - INFO - wiseThread - Captured AUD_to_JPY_midmarket: 97.9975
2024-12-24 15:05:17,336 - INFO - anzThread - Captured JPY_buy: 94.83
2024-12-24 15:05:17,344 - INFO - anzThread - Captured JPY_sell:  101.23
2024-12-24 15:05:17,351 - INFO - anzThread - Captured USD_buy: 0.6041
2024-12-24 15:05:17,357 - INFO - anzThread - Captured USD_sell:  0.6437
2024-12-24 15:05:17,380 - INFO - anzThread - Captured CNY_buy: N/A
2024-12-24 15:05:17,387 - INFO - anzThread - Captured CNY_sell: N/A
2024-12-24 15:05:17,394 - INFO - anzThread - Captured SGD_buy: 0.82
2024-12-24 15:05:17,403 - INFO - anzThread - Captured SGD_sell:  0.876
2024-12-24 15:05:17,413 - INFO - anzThread - Captured HKD_buy: 4.694
2024-12-24 15:05:17,427 - INFO - anzThread - Captured HKD_sell:  5.004
2024-12-24 15:05:17,438 - INFO - anzThread - Captured EUR_buy: 0.5789
2024-12-24 15:05:17,451 - INFO - anzThread - Captured EUR_sell:  0.6198
2024-12-24 15:05:17,458 - INFO - anzThread - Captured GBP_buy: 0.4811
2024-12-24 15:05:17,465 - INFO - anzThread - Captured GBP_sell:  0.5147
2024-12-24 15:05:17,938 - INFO - wiseThread - Captured AUD_to_USD_midmarket: 0.623850
2024-12-24 15:05:17,979 - INFO - pandaremitThread - Captured AUD_to_CNY_midmarket: 4.5939
2024-12-24 15:05:18,105 - INFO - pandaremitThread - Captured AUD_to_SGD_midmarket: 0.845100
2024-12-24 15:05:18,234 - INFO - pandaremitThread - Captured AUD_to_HKD_midmarket: 4.826100
2024-12-24 15:05:18,371 - INFO - pandaremitThread - Captured AUD_to_EUR_midmarket: 0.598300
2024-12-24 15:05:18,512 - INFO - pandaremitThread - Captured AUD_to_GBP_midmarket: 0.495400
2024-12-24 15:05:19,004 - INFO - wiseThread - Captured AUD_to_CNY_midmarket: 4.55272
2024-12-24 15:05:20,036 - INFO - wiseThread - Captured AUD_to_SGD_midmarket: 0.847719
2024-12-24 15:05:21,093 - INFO - wiseThread - Captured AUD_to_HKD_midmarket: 4.84557
2024-12-24 15:05:22,233 - INFO - wiseThread - Captured AUD_to_EUR_midmarket: 0.600192
2024-12-24 15:05:23,549 - INFO - wiseThread - Captured AUD_to_GBP_midmarket: 0.497646
2024-12-24 15:05:23,623 - INFO - MainThread - Started writing result to csv
2024-12-24 15:05:23,623 - INFO - MainThread - Finished writing result to csv
2024-12-24 15:05:23,624 - INFO - MainThread - ==========================
2024-12-24 15:05:23,624 - INFO - MainThread - Program end - Exchange Rate Scraper
2024-12-24 15:05:23,624 - INFO - MainThread - ==========================
2024-12-24 16:48:16,796 - INFO - MainThread - ==========================
2024-12-24 16:48:16,796 - INFO - MainThread - Program start - Exchange Rate Scraper
2024-12-24 16:48:16,796 - INFO - MainThread - ==========================
2024-12-24 16:48:16,796 - INFO - cbaThread - Started scraping cba
2024-12-24 16:48:16,797 - INFO - anzThread - Started scraping anz
2024-12-24 16:48:16,797 - INFO - wiseThread - Started scraping wise
2024-12-24 16:48:16,797 - INFO - webtradepayThread - Started scraping webtradepay
2024-12-24 16:48:16,797 - INFO - pandaremitThread - Started scraping pandaremit
2024-12-24 16:48:16,797 - INFO - moneychaseThread - Started scraping moneychase
2024-12-24 16:48:16,797 - INFO - moneychainThread - Started scraping moneychain
2024-12-24 16:48:18,942 - INFO - webtradepayThread - Captured JPY_buy: 96.9214
2024-12-24 16:48:18,942 - INFO - webtradepayThread - Captured JPY_sell: 98.6320
2024-12-24 16:48:18,943 - INFO - webtradepayThread - Captured USD_buy: 0.6159
2024-12-24 16:48:18,943 - INFO - webtradepayThread - Captured USD_sell: 0.6319
2024-12-24 16:48:18,943 - INFO - webtradepayThread - Captured CNY_buy: 4.5566
2024-12-24 16:48:18,943 - INFO - webtradepayThread - Captured CNY_sell: 4.7304
2024-12-24 16:48:18,943 - INFO - webtradepayThread - Captured SGD_buy: 0.8414
2024-12-24 16:48:18,943 - INFO - webtradepayThread - Captured SGD_sell: 0.8536
2024-12-24 16:48:18,943 - INFO - webtradepayThread - Captured HKD_buy: 4.7266
2024-12-24 16:48:18,943 - INFO - webtradepayThread - Captured HKD_sell: 4.8873
2024-12-24 16:48:18,943 - INFO - webtradepayThread - Captured EUR_buy: 0.5941
2024-12-24 16:48:18,943 - INFO - webtradepayThread - Captured EUR_sell: 0.6102
2024-12-24 16:48:18,943 - INFO - webtradepayThread - Captured GBP_buy: 0.4917
2024-12-24 16:48:18,943 - INFO - webtradepayThread - Captured GBP_sell: 0.5037
2024-12-24 16:48:18,990 - INFO - pandaremitThread - Captured AUD_to_JPY_midmarket: 97.325600
2024-12-24 16:48:19,258 - INFO - pandaremitThread - Captured AUD_to_USD_midmarket: 0.621300
2024-12-24 16:48:19,346 - INFO - cbaThread - Captured JPY_buy: 92.86
2024-12-24 16:48:19,354 - INFO - cbaThread - Captured JPY_sell: 102.49
2024-12-24 16:48:19,363 - INFO - cbaThread - Captured USD_buy: 0.5984
2024-12-24 16:48:19,370 - INFO - cbaThread - Captured USD_sell: 0.6482
2024-12-24 16:48:19,377 - INFO - cbaThread - Captured CNY_buy: -
2024-12-24 16:48:19,384 - INFO - cbaThread - Captured CNY_sell: -
2024-12-24 16:48:19,391 - INFO - cbaThread - Captured SGD_buy: 0.8103
2024-12-24 16:48:19,409 - INFO - cbaThread - Captured SGD_sell: 0.8815
2024-12-24 16:48:19,416 - INFO - cbaThread - Captured HKD_buy: 4.6386
2024-12-24 16:48:19,423 - INFO - cbaThread - Captured HKD_sell: 5.0466
2024-12-24 16:48:19,431 - INFO - cbaThread - Captured EUR_buy: 0.5746
2024-12-24 16:48:19,439 - INFO - cbaThread - Captured EUR_sell: 0.6239
2024-12-24 16:48:19,446 - INFO - cbaThread - Captured GBP_buy: 0.4769
2024-12-24 16:48:19,453 - INFO - cbaThread - Captured GBP_sell: 0.5178
2024-12-24 16:48:20,388 - INFO - moneychainThread - Captured JPY_buy: 96.8908
2024-12-24 16:48:20,395 - INFO - moneychainThread - Captured JPY_sell: 99.5908
2024-12-24 16:48:20,402 - INFO - moneychainThread - Captured USD_buy: 0.6170
2024-12-24 16:48:20,409 - INFO - moneychainThread - Captured USD_sell: 0.6310
2024-12-24 16:48:20,417 - INFO - moneychainThread - Captured CNY_buy: 4.5476
2024-12-24 16:48:20,423 - INFO - moneychainThread - Captured CNY_sell: 4.7176
2024-12-24 16:48:20,431 - INFO - moneychainThread - Captured SGD_buy: 0.8419
2024-12-24 16:48:20,439 - INFO - moneychainThread - Captured SGD_sell: 0.8574
2024-12-24 16:48:20,448 - INFO - moneychainThread - Captured HKD_buy: 4.7957
2024-12-24 16:48:20,455 - INFO - moneychainThread - Captured HKD_sell: 4.9057
2024-12-24 16:48:20,462 - INFO - moneychainThread - Captured EUR_buy: 0.5942
2024-12-24 16:48:20,470 - INFO - moneychainThread - Captured EUR_sell: 0.6202
2024-12-24 16:48:20,479 - INFO - moneychainThread - Captured GBP_buy: 0.4878
2024-12-24 16:48:20,487 - INFO - moneychainThread - Captured GBP_sell: 0.5128
2024-12-24 16:48:20,747 - INFO - moneychaseThread - Captured JPY_buy: 95.5372
2024-12-24 16:48:20,747 - INFO - moneychaseThread - Captured JPY_sell: 99.4589
2024-12-24 16:48:20,761 - INFO - moneychaseThread - Captured USD_buy: 0.6106
2024-12-24 16:48:20,761 - INFO - moneychaseThread - Captured USD_sell: 0.6436
2024-12-24 16:48:20,772 - INFO - moneychaseThread - Captured CNY_buy: 4.4986
2024-12-24 16:48:20,772 - INFO - moneychaseThread - Captured CNY_sell: 4.7486
2024-12-24 16:48:20,785 - INFO - moneychaseThread - Captured SGD_buy: 0.8283
2024-12-24 16:48:20,785 - INFO - moneychaseThread - Captured SGD_sell: 0.8682
2024-12-24 16:48:20,801 - INFO - moneychaseThread - Captured HKD_buy: 4.7894
2024-12-24 16:48:20,801 - INFO - moneychaseThread - Captured HKD_sell: 4.9797
2024-12-24 16:48:20,817 - INFO - moneychaseThread - Captured EUR_buy: 0.5794
2024-12-24 16:48:20,817 - INFO - moneychaseThread - Captured EUR_sell: 0.6143
2024-12-24 16:48:20,832 - INFO - moneychaseThread - Captured GBP_buy: 0.4819
2024-12-24 16:48:20,832 - INFO - moneychaseThread - Captured GBP_sell: 0.5189
2024-12-24 16:48:22,051 - INFO - wiseThread - Captured AUD_to_JPY_midmarket: 97.9415
2024-12-24 16:48:22,150 - INFO - pandaremitThread - Captured AUD_to_CNY_midmarket: 4.5940
2024-12-24 16:48:22,275 - INFO - pandaremitThread - Captured AUD_to_SGD_midmarket: 0.844800
2024-12-24 16:48:22,394 - INFO - pandaremitThread - Captured AUD_to_HKD_midmarket: 4.827200
2024-12-24 16:48:22,512 - INFO - pandaremitThread - Captured AUD_to_EUR_midmarket: 0.598100
2024-12-24 16:48:22,638 - INFO - pandaremitThread - Captured AUD_to_GBP_midmarket: 0.495200
2024-12-24 16:48:22,694 - INFO - wiseThread - Captured AUD_to_USD_midmarket: 0.623900
2024-12-24 16:48:23,782 - INFO - wiseThread - Captured AUD_to_CNY_midmarket: 4.55444
2024-12-24 16:48:24,879 - INFO - wiseThread - Captured AUD_to_SGD_midmarket: 0.847678
2024-12-24 16:48:25,239 - INFO - anzThread - Captured JPY_buy: 94.83
2024-12-24 16:48:25,247 - INFO - anzThread - Captured JPY_sell:  101.23
2024-12-24 16:48:25,256 - INFO - anzThread - Captured USD_buy: 0.6041
2024-12-24 16:48:25,262 - INFO - anzThread - Captured USD_sell:  0.6437
2024-12-24 16:48:25,269 - INFO - anzThread - Captured CNY_buy: N/A
2024-12-24 16:48:25,276 - INFO - anzThread - Captured CNY_sell: N/A
2024-12-24 16:48:25,283 - INFO - anzThread - Captured SGD_buy: 0.82
2024-12-24 16:48:25,289 - INFO - anzThread - Captured SGD_sell:  0.876
2024-12-24 16:48:25,295 - INFO - anzThread - Captured HKD_buy: 4.694
2024-12-24 16:48:25,302 - INFO - anzThread - Captured HKD_sell:  5.004
2024-12-24 16:48:25,311 - INFO - anzThread - Captured EUR_buy: 0.5789
2024-12-24 16:48:25,317 - INFO - anzThread - Captured EUR_sell:  0.6198
2024-12-24 16:48:25,323 - INFO - anzThread - Captured GBP_buy: 0.4811
2024-12-24 16:48:25,329 - INFO - anzThread - Captured GBP_sell:  0.5147
2024-12-24 16:48:25,943 - INFO - wiseThread - Captured AUD_to_HKD_midmarket: 4.84828
2024-12-24 16:48:27,029 - INFO - wiseThread - Captured AUD_to_EUR_midmarket: 0.600308
2024-12-24 16:48:28,111 - INFO - wiseThread - Captured AUD_to_GBP_midmarket: 0.497666
2024-12-24 16:48:28,183 - INFO - MainThread - Started writing result to csv
2024-12-24 16:48:28,184 - INFO - MainThread - Finished writing result to csv
2024-12-24 16:48:28,184 - INFO - MainThread - ==========================
2024-12-24 16:48:28,184 - INFO - MainThread - Program end - Exchange Rate Scraper
2024-12-24 16:48:28,184 - INFO - MainThread - ==========================
2024-12-24 16:50:17,556 - INFO - MainThread - ==========================
2024-12-24 16:50:17,557 - INFO - MainThread - Program start - Exchange Rate Scraper
2024-12-24 16:50:17,557 - INFO - MainThread - ==========================
2024-12-24 16:50:17,557 - INFO - cbaThread - Started scraping cba
2024-12-24 16:50:17,557 - INFO - anzThread - Started scraping anz
2024-12-24 16:50:17,557 - INFO - wiseThread - Started scraping wise
2024-12-24 16:50:17,557 - INFO - webtradepayThread - Started scraping webtradepay
2024-12-24 16:50:17,557 - INFO - pandaremitThread - Started scraping pandaremit
2024-12-24 16:50:17,558 - INFO - moneychaseThread - Started scraping moneychase
2024-12-24 16:50:17,563 - INFO - moneychainThread - Started scraping moneychain
2024-12-24 16:50:19,406 - INFO - webtradepayThread - Captured JPY_buy: 96.9137
2024-12-24 16:50:19,406 - INFO - webtradepayThread - Captured JPY_sell: 98.6277
2024-12-24 16:50:19,406 - INFO - webtradepayThread - Captured USD_buy: 0.6159
2024-12-24 16:50:19,406 - INFO - webtradepayThread - Captured USD_sell: 0.6320
2024-12-24 16:50:19,406 - INFO - webtradepayThread - Captured CNY_buy: 4.5572
2024-12-24 16:50:19,406 - INFO - webtradepayThread - Captured CNY_sell: 4.7311
2024-12-24 16:50:19,406 - INFO - webtradepayThread - Captured SGD_buy: 0.8416
2024-12-24 16:50:19,406 - INFO - webtradepayThread - Captured SGD_sell: 0.8537
2024-12-24 16:50:19,406 - INFO - webtradepayThread - Captured HKD_buy: 4.7269
2024-12-24 16:50:19,406 - INFO - webtradepayThread - Captured HKD_sell: 4.8878
2024-12-24 16:50:19,406 - INFO - webtradepayThread - Captured EUR_buy: 0.5942
2024-12-24 16:50:19,406 - INFO - webtradepayThread - Captured EUR_sell: 0.6102
2024-12-24 16:50:19,406 - INFO - webtradepayThread - Captured GBP_buy: 0.4917
2024-12-24 16:50:19,406 - INFO - webtradepayThread - Captured GBP_sell: 0.5037
2024-12-24 16:50:19,979 - INFO - pandaremitThread - Captured AUD_to_JPY_midmarket: 97.323600
2024-12-24 16:50:20,134 - INFO - pandaremitThread - Captured AUD_to_USD_midmarket: 0.621300
2024-12-24 16:50:20,211 - INFO - cbaThread - Captured JPY_buy: 92.86
2024-12-24 16:50:20,222 - INFO - cbaThread - Captured JPY_sell: 102.49
2024-12-24 16:50:20,231 - INFO - cbaThread - Captured USD_buy: 0.5984
2024-12-24 16:50:20,243 - INFO - cbaThread - Captured USD_sell: 0.6482
2024-12-24 16:50:20,252 - INFO - cbaThread - Captured CNY_buy: -
2024-12-24 16:50:20,261 - INFO - cbaThread - Captured CNY_sell: -
2024-12-24 16:50:20,267 - INFO - cbaThread - Captured SGD_buy: 0.8103
2024-12-24 16:50:20,277 - INFO - cbaThread - Captured SGD_sell: 0.8815
2024-12-24 16:50:20,285 - INFO - cbaThread - Captured HKD_buy: 4.6386
2024-12-24 16:50:20,291 - INFO - cbaThread - Captured HKD_sell: 5.0466
2024-12-24 16:50:20,298 - INFO - cbaThread - Captured EUR_buy: 0.5746
2024-12-24 16:50:20,304 - INFO - cbaThread - Captured EUR_sell: 0.6239
2024-12-24 16:50:20,312 - INFO - cbaThread - Captured GBP_buy: 0.4769
2024-12-24 16:50:20,318 - INFO - cbaThread - Captured GBP_sell: 0.5178
2024-12-24 16:50:20,740 - INFO - moneychainThread - Captured JPY_buy: 96.8998
2024-12-24 16:50:20,755 - INFO - moneychainThread - Captured JPY_sell: 99.5998
2024-12-24 16:50:20,764 - INFO - moneychainThread - Captured USD_buy: 0.6172
2024-12-24 16:50:20,773 - INFO - moneychainThread - Captured USD_sell: 0.6312
2024-12-24 16:50:20,782 - INFO - moneychainThread - Captured CNY_buy: 4.5497
2024-12-24 16:50:20,790 - INFO - moneychainThread - Captured CNY_sell: 4.7197
2024-12-24 16:50:20,801 - INFO - moneychainThread - Captured SGD_buy: 0.8420
2024-12-24 16:50:20,814 - INFO - moneychainThread - Captured SGD_sell: 0.8575
2024-12-24 16:50:20,828 - INFO - moneychainThread - Captured HKD_buy: 4.7974
2024-12-24 16:50:20,837 - INFO - moneychainThread - Captured HKD_sell: 4.9074
2024-12-24 16:50:20,844 - INFO - moneychainThread - Captured EUR_buy: 0.5943
2024-12-24 16:50:20,851 - INFO - moneychainThread - Captured EUR_sell: 0.6203
2024-12-24 16:50:20,857 - INFO - moneychainThread - Captured GBP_buy: 0.4878
2024-12-24 16:50:20,863 - INFO - moneychainThread - Captured GBP_sell: 0.5128
2024-12-24 16:50:21,296 - INFO - anzThread - Captured JPY_buy: 94.83
2024-12-24 16:50:21,305 - INFO - anzThread - Captured JPY_sell:  101.23
2024-12-24 16:50:21,313 - INFO - anzThread - Captured USD_buy: 0.6041
2024-12-24 16:50:21,323 - INFO - anzThread - Captured USD_sell:  0.6437
2024-12-24 16:50:21,334 - INFO - anzThread - Captured CNY_buy: N/A
2024-12-24 16:50:21,345 - INFO - anzThread - Captured CNY_sell: N/A
2024-12-24 16:50:21,353 - INFO - anzThread - Captured SGD_buy: 0.82
2024-12-24 16:50:21,375 - INFO - anzThread - Captured SGD_sell:  0.876
2024-12-24 16:50:21,385 - INFO - anzThread - Captured HKD_buy: 4.694
2024-12-24 16:50:21,393 - INFO - anzThread - Captured HKD_sell:  5.004
2024-12-24 16:50:21,404 - INFO - anzThread - Captured EUR_buy: 0.5789
2024-12-24 16:50:21,426 - INFO - anzThread - Captured EUR_sell:  0.6198
2024-12-24 16:50:21,436 - INFO - anzThread - Captured GBP_buy: 0.4811
2024-12-24 16:50:21,451 - INFO - anzThread - Captured GBP_sell:  0.5147
2024-12-24 16:50:21,472 - INFO - moneychaseThread - Captured JPY_buy: 95.4972
2024-12-24 16:50:21,472 - INFO - moneychaseThread - Captured JPY_sell: 99.4189
2024-12-24 16:50:21,498 - INFO - moneychaseThread - Captured USD_buy: 0.6104
2024-12-24 16:50:21,498 - INFO - moneychaseThread - Captured USD_sell: 0.6434
2024-12-24 16:50:21,519 - INFO - moneychaseThread - Captured CNY_buy: 4.4964
2024-12-24 16:50:21,519 - INFO - moneychaseThread - Captured CNY_sell: 4.7464
2024-12-24 16:50:21,539 - INFO - moneychaseThread - Captured SGD_buy: 0.8280
2024-12-24 16:50:21,539 - INFO - moneychaseThread - Captured SGD_sell: 0.8679
2024-12-24 16:50:21,554 - INFO - moneychaseThread - Captured HKD_buy: 4.7878
2024-12-24 16:50:21,554 - INFO - moneychaseThread - Captured HKD_sell: 4.9781
2024-12-24 16:50:21,568 - INFO - moneychaseThread - Captured EUR_buy: 0.5792
2024-12-24 16:50:21,568 - INFO - moneychaseThread - Captured EUR_sell: 0.6141
2024-12-24 16:50:21,582 - INFO - moneychaseThread - Captured GBP_buy: 0.4818
2024-12-24 16:50:21,582 - INFO - moneychaseThread - Captured GBP_sell: 0.5188
2024-12-24 16:50:22,797 - INFO - wiseThread - Captured AUD_to_JPY_midmarket: 97.9399
2024-12-24 16:50:22,874 - INFO - pandaremitThread - Captured AUD_to_CNY_midmarket: 4.5936
2024-12-24 16:50:23,004 - INFO - pandaremitThread - Captured AUD_to_SGD_midmarket: 0.844800
2024-12-24 16:50:23,131 - INFO - pandaremitThread - Captured AUD_to_HKD_midmarket: 4.827200
2024-12-24 16:50:23,256 - INFO - pandaremitThread - Captured AUD_to_EUR_midmarket: 0.598100
2024-12-24 16:50:23,385 - INFO - pandaremitThread - Captured AUD_to_GBP_midmarket: 0.495200
2024-12-24 16:50:23,481 - INFO - wiseThread - Captured AUD_to_USD_midmarket: 0.624000
2024-12-24 16:50:24,570 - INFO - wiseThread - Captured AUD_to_CNY_midmarket: 4.55328
2024-12-24 16:50:25,660 - INFO - wiseThread - Captured AUD_to_SGD_midmarket: 0.847673
2024-12-24 16:50:26,811 - INFO - wiseThread - Captured AUD_to_HKD_midmarket: 4.84758
2024-12-24 16:50:27,894 - INFO - wiseThread - Captured AUD_to_EUR_midmarket: 0.600183
2024-12-24 16:50:28,994 - INFO - wiseThread - Captured AUD_to_GBP_midmarket: 0.497727
2024-12-24 16:50:29,068 - INFO - MainThread - Started writing result to csv
2024-12-24 16:50:29,069 - INFO - MainThread - Finished writing result to csv
2024-12-24 16:50:29,069 - INFO - MainThread - ==========================
2024-12-24 16:50:29,069 - INFO - MainThread - Program end - Exchange Rate Scraper
2024-12-24 16:50:29,069 - INFO - MainThread - ==========================
